<?xml version="1.0" encoding="UTF-8"?>
<testsuite xmlns:xsi="http://www.w3.org/2001/XMLSchema-instance" xsi:noNamespaceSchemaLocation="https://maven.apache.org/surefire/maven-surefire-plugin/xsd/surefire-test-report-3.0.xsd" version="3.0" name="ApplicationTest" time="0.377" tests="1" errors="0" skipped="0" failures="0">
  <properties>
[...]
</properties>
  <testcase name="testRootEndpoint" classname="ApplicationTest" time="0.368">
    <system-out><![CDATA[2025-02-24 07:35:59.315 [DefaultDispatcher-worker-2 @call-context#3] INFO  io.ktor.test - No ktor.deployment.watch patterns specified, automatic reload is not active.
2025-02-24 07:35:59.337 [DefaultDispatcher-worker-2 @call-context#3] INFO  io.ktor.test - Application started in 0.027 seconds.
2025-02-24 07:35:59.338 [DefaultDispatcher-worker-3 @coroutine#4] INFO  io.ktor.test - Responding at http://localhost:80
2025-02-24 07:35:59.338 [DefaultDispatcher-worker-3 @coroutine#4] INFO  io.ktor.test - Responding at https://localhost:443
]]></system-out>
  </testcase>
</testsuite>